Build started 2016/8/10 15:27:49.
     1>Project "C:\Users\Ligd\Desktop\hello-world\hello-world\hello-world.vcxproj" on node 2 (build target(s)).
     1>InitializeBuildStatus:
         Creating "Debug\hello-world.unsuccessfulbuild" because "AlwaysCreate" was specified.
       ClCompile:
         All outputs are up-to-date.
       ManifestResourceCompile:
         C:\Program Files (x86)\Microsoft SDKs\Windows\v7.0A\bin\rc.exe /nologo /fo"Debug\hello-world.exe.embed.manifest.res" Debug\hello-world_manifest.rc 
       Link:
         e:\Microsoft Visual Studio 10.0\VC\bin\link.exe /ERRORREPORT:PROMPT /OUT:"C:\Users\Ligd\Desktop\hello-world\Debug\hello-world.exe" /INCREMENTAL /NOLOGO kernel32.lib user32.lib gdi32.lib winspool.lib comdlg32.lib advapi32.lib shell32.lib ole32.lib oleaut32.lib uuid.lib odbc32.lib odbccp32.lib /MANIFEST /ManifestFile:"Debug\hello-world.exe.intermediate.manifest" /MANIFESTUAC:"level='asInvoker' uiAccess='false'" /DEBUG /PDB:"C:\Users\Ligd\Desktop\hello-world\Debug\hello-world.pdb" /SUBSYSTEM:CONSOLE /TLBID:1 /DYNAMICBASE /NXCOMPAT /IMPLIB:"C:\Users\Ligd\Desktop\hello-world\Debug\hello-world.lib" /MACHINE:X86 "Debug\hello-world.exe.embed.manifest.res"
         Debug\main.obj
       Manifest:
         C:\Program Files (x86)\Microsoft SDKs\Windows\v7.0A\bin\mt.exe /nologo /verbose /out:"Debug\hello-world.exe.embed.manifest" /manifest "Debug\hello-world.exe.intermediate.manifest"
         C:\Program Files (x86)\Microsoft SDKs\Windows\v7.0A\bin\rc.exe /nologo /fo"Debug\hello-world.exe.embed.manifest.res" Debug\hello-world_manifest.rc 
       LinkEmbedManifest:
         e:\Microsoft Visual Studio 10.0\VC\bin\link.exe /ERRORREPORT:PROMPT /OUT:"C:\Users\Ligd\Desktop\hello-world\Debug\hello-world.exe" /INCREMENTAL /NOLOGO kernel32.lib user32.lib gdi32.lib winspool.lib comdlg32.lib advapi32.lib shell32.lib ole32.lib oleaut32.lib uuid.lib odbc32.lib odbccp32.lib /MANIFEST /ManifestFile:"Debug\hello-world.exe.intermediate.manifest" /MANIFESTUAC:"level='asInvoker' uiAccess='false'" /DEBUG /PDB:"C:\Users\Ligd\Desktop\hello-world\Debug\hello-world.pdb" /SUBSYSTEM:CONSOLE /TLBID:1 /DYNAMICBASE /NXCOMPAT /IMPLIB:"C:\Users\Ligd\Desktop\hello-world\Debug\hello-world.lib" /MACHINE:X86 "Debug\hello-world.exe.embed.manifest.res"
         Debug\main.obj
         hello-world.vcxproj -> C:\Users\Ligd\Desktop\hello-world\Debug\hello-world.exe
       FinalizeBuildStatus:
         Deleting file "Debug\hello-world.unsuccessfulbuild".
         Touching "Debug\hello-world.lastbuildstate".
     1>Done Building Project "C:\Users\Ligd\Desktop\hello-world\hello-world\hello-world.vcxproj" (build target(s)).

Build succeeded.

Time Elapsed 00:00:00.96
